1774602456736	geckodriver	INFO	Listening on 127.0.0.1:55827
1774602462086	mozrunner::runner	INFO	Running command: "C:\\Users\\hp\\.cache\\selenium\\firefox\\win64\\149.0\\firefox.exe" "--marionette" "--remote-debugging-por ... 5828" "--remote-allow-hosts" "localhost" "-no-remote" "-profile" "C:\\Users\\hp\\AppData\\Local\\Temp\\rust_mozprofile45D6lS"
Dynamically enable window occlusion 0
1774602474163	Marionette	INFO	Marionette enabled
1774602474728	Marionette	INFO	Listening on port 55874
WebDriver BiDi listening on ws://127.0.0.1:55828
Read port: 55874
1774602476046	RemoteAgent	WARN	TLS certificate errors will be ignored for this session
[GFX1-]: Calling WaitFlushedEvent::Run: is delayed: 2344
1774602507910	Marionette	INFO	Stopped listening on port 55874
Dynamically enable window occlusion 1
JavaScript warning: https://securepubads.g.doubleclick.net/pagead/managed/js/gpt/m202603230101/pubads_impl.js?cb=31097408, line 19: Script terminated by timeout at:
_.y@https://securepubads.g.doubleclick.net/pagead/managed/js/gpt/m202603230101/pubads_impl.js?cb=31097408:19:190334
hi@https://securepubads.g.doubleclick.net/pagead/managed/js/gpt/m202603230101/pubads_impl.js?cb=31097408:19:41254
tT@https://securepubads.g.doubleclick.net/pagead/managed/js/gpt/m202603230101/pubads_impl.js?cb=31097408:19:286934
rT.prototype.start@https://securepubads.g.doubleclick.net/pagead/managed/js/gpt/m202603230101/pubads_impl.js?cb=31097408:19:286719
Rda</</d<@https://securepubads.g.doubleclick.net/pagead/managed/js/gpt/m202603230101/pubads_impl.js?cb=31097408:19:481470
Rda</<@https://securepubads.g.doubleclick.net/pagead/managed/js/gpt/m202603230101/pubads_impl.js?cb=31097408:19:481240
zD@https://securepubads.g.doubleclick.net/pagead/managed/js/gpt/m202603230101/pubads_impl.js?cb=31097408:19:195682
BD/this.next@https://securepubads.g.doubleclick.net/pagead/managed/js/gpt/m202603230101/pubads_impl.js?cb=31097408:19:195976
CD/<@https://securepubads.g.doubleclick.net/pagead/managed/js/gpt/m202603230101/pubads_impl.js?cb=31097408:19:196390
CD@https://securepubads.g.doubleclick.net/pagead/managed/js/gpt/m202603230101/pubads_impl.js?cb=31097408:19:196275
_.F@https://securepubads.g.doubleclick.net/pagead/managed/js/gpt/m202603230101/pubads_impl.js?cb=31097408:19:196424
Rda<@https://securepubads.g.doubleclick.net/pagead/managed/js/gpt/m202603230101/pubads_impl.js?cb=31097408:19:481224
sV.prototype.K@https://securepubads.g.doubleclick.net/pagead/managed/js/gpt/m202603230101/pubads_impl.js?cb=31097408:19:330379
mV.prototype.start/<@https://securepubads.g.doubleclick.net/pagead/managed/js/gpt/m202603230101/pubads_impl.js?cb=31097408:19:329465
zD@https://securepubads.g.doubleclick.net/pagead/managed/js/gpt/m202603230101/pubads_impl.js?cb=31097408:19:195682
BD/this.next@https://securepubads.g.doubleclick.net/pagead/managed/js/gpt/m202603230101/pubads_impl.js?cb=31097408:19:195976
b@https://securepubads.g.doubleclick.net/pagead/managed/js/gpt/m202603230101/pubads_impl.js?cb=31097408:19:196228

console.warn: services.settings: main/mfcdm-origins-list sync interrupted by shutdown
console.warn: TopSitesFeed: Failed to fetch data from MARS server: NetworkError when attempting to fetch resource.
console.error: services.settings: 
Object
  - prototype Object
    - columnNumber = 11
    - data = null
    - filename = resource://gre/modules/ServiceRequest.sys.mjs
    - lineNumber = 126
    - location = {"name":"open","filename":"resource://gre/modules/ServiceRequest.sys.mjs","sourceId":27,"lineNumber":126,"columnNumber":11,"asyncCause":null,"asyncCaller":null,"caller":{"filename":"resource://services-settings/Utils.sys.mjs","name":"fetch/<","sourceId":26,"lineNumber":284,"columnNumber":15,"asyncCause":null,"asyncCaller":null,"caller":{"filename":"resource://services-settings/Utils.sys.mjs","name":"fetch","sourceId":26,"lineNumber":235,"columnNumber":12,"asyncCause":null,"asyncCaller":null,"caller":{"filename":"resource://services-common/kinto-http-client.sys.mjs","name":"timedFetch/<","sourceId":704,"lineNumber":580,"columnNumber":12,"asyncCause":null,"asyncCaller":null,"caller":{"filename":"resource://services-common/kinto-http-client.sys.mjs","name":"timedFetch","sourceId":704,"lineNumber":555,"columnNumber":12,"asyncCause":null,"asyncCaller":null,"caller":{"filename":"resource://services-common/kinto-http-client.sys.mjs","name":"request","sourceId":704,"lineNumber":645,"columnNumber":33,"asyncCause":null,"asyncCaller":null,"caller":{"filename":"resource://services-common/kinto-http-client.sys.mjs","name":"execute","sourceId":704,"lineNumber":2613,"columnNumber":36,"asyncCause":null,"asyncCaller":null,"caller":{"filename":"resource://services-settings/RemoteSettingsClient.sys.mjs","name":"_fetchChangeset","sourceId":24,"lineNumber":1333,"columnNumber":22,"asyncCause":null,"asyncCaller":null,"caller":{"filename":"resource://services-settings/RemoteSettingsClient.sys.mjs","name":"_importChanges","sourceId":24,"lineNumber":1190,"columnNumber":18,"asyncCause":null,"asyncCaller":null,"caller":{"filename":"resource://services-settings/RemoteSettingsClient.sys.mjs","name":"maybeSync","sourceId":24,"lineNumber":815,"columnNumber":35,"asyncCause":null,"asyncCaller":null,"caller":{"filename":"resource://gre/modules/AsyncShutdown.sys.mjs","name":"observe","sourceId":17,"lineNumber":587,"columnNumber":17,"asyncCause":null,"asyncCaller":null,"caller":{"filename":"chrome://remote/content/shared/Browser.sys.mjs","name":"quit","sourceId":709,"lineNumber":102,"columnNumber":22,"asyncCause":null,"asyncCaller":null,"caller":{"filename":"chrome://remote/content/marionette/driver.sys.mjs","name":"GeckoDriver.prototype.quit","sourceId":183,"lineNumber":3463,"columnNumber":42,"asyncCause":null,"asyncCaller":null,"caller":{"filename":"chrome://remote/content/marionette/server.sys.mjs","name":"dispatch","sourceId":107,"lineNumber":318,"columnNumber":40,"asyncCause":null,"asyncCaller":null,"caller":{"filename":"chrome://remote/content/marionette/server.sys.mjs","name":"execute","sourceId":107,"lineNumber":289,"columnNumber":16,"asyncCause":null,"asyncCaller":null,"caller":{"filename":"chrome://remote/content/marionette/server.sys.mjs","name":"onPacket/<","sourceId":107,"lineNumber":262,"columnNumber":20,"asyncCause":null,"asyncCaller":null,"caller":{"filename":"chrome://remote/content/marionette/server.sys.mjs","name":"onPacket","sourceId":107,"lineNumber":263,"columnNumber":9,"asyncCause":null,"asyncCaller":null,"caller":{"filename":"chrome://remote/content/marionette/transport.sys.mjs","name":"_onJSONObjectReady/<","sourceId":182,"lineNumber":494,"columnNumber":20,"asyncCause":null,"asyncCaller":null,"caller":null,"formattedStack":"_onJSONObjectReady/<@chrome://remote/content/marionette/transport.sys.mjs:494:20\n","nativeSavedFrame":{}},"formattedStack":"onPacket@chrome://remote/content/marionette/server.sys.mjs:263:9\n_onJSONObjectReady/<@chrome://remote/content/marionette/transport.sys.mjs:494:20\n","nativeSavedFrame":{}},"formattedStack":"onPacket/<@chrome://remote/content/marionette/server.sys.mjs:262:20\nonPacket@chrome://remote/content/marionette/server.sys.mjs:263:9\n_onJSONObjectReady/<@chrome://remote/content/marionette/transport.sys.mjs:494:20\n","nativeSavedFrame":{}},"formattedStack":"execute@chrome://remote/content/marionette/server.sys.mjs:289:16\nonPacket/<@chrome://remote/content/marionette/server.sys.mjs:262:20\nonPacket@chrome://remote/content/marionette/server.sys.mjs:263:9\n_onJSONObjectReady/<@chrome://remote/content/marionette/transport.sys.mjs:494:20\n","nativeSavedFrame":{}},"formattedStack":"dispatch@chrome://remote/content/marionette/server.sys.mjs:318:40\nexecute@chrome://remote/content/marionette/server.sys.mjs:289:16\nonPacket/<@chrome://remote/content/marionette/server.sys.mjs:262:20\nonPacket@chrome://remote/content/marionette/server.sys.mjs:263:9\n_onJSONObjectReady/<@chrome://remote/content/marionette/transport.sys.mjs:494:20\n","nativeSavedFrame":{}},"formattedStack":"GeckoDriver.prototype.quit@chrome://remote/content/marionette/driver.sys.mjs:3463:42\ndispatch@chrome://remote/content/marionette/server.sys.mjs:318:40\nexecute@chrome://remote/content/marionette/server.sys.mjs:289:16\nonPacket/<@chrome://remote/content/marionette/server.sys.mjs:262:20\nonPacket@chrome://remote/content/marionette/server.sys.mjs:263:9\n_onJSONObjectReady/<@chrome://remote/content/marionette/transport.sys.mjs:494:20\n","nativeSavedFrame":{}},"formattedStack":"quit@chrome://remote/content/shared/Browser.sys.mjs:102:22\nGeckoDriver.prototype.quit@chrome://remote/content/marionette/driver.sys.mjs:3463:42\ndispatch@chrome://remote/content/marionette/server.sys.mjs:318:40\nexecute@chrome://remote/content/marionette/server.sys.mjs:289:16\nonPacket/<@chrome://remote/content/marionette/server.sys.mjs:262:20\nonPacket@chrome://remote/content/marionette/server.sys.mjs:263:9\n_onJSONObjectReady/<@chrome://remote/content/marionette/transport.sys.mjs:494:20\n","nativeSavedFrame":{}},"formattedStack":"observe@resource://gre/modules/AsyncShutdown.sys.mjs:587:17\nquit@chrome://remote/content/shared/Browser.sys.mjs:102:22\nGeckoDriver.prototype.quit@chrome://remote/content/marionette/driver.sys.mjs:3463:42\ndispatch@chrome://remote/content/marionette/server.sys.mjs:318:40\nexecute@chrome://remote/content/marionette/server.sys.mjs:289:16\nonPacket/<@chrome://remote/content/marionette/server.sys.mjs:262:20\nonPacket@chrome://remote/content/marionette/server.sys.mjs:263:9\n_onJSONObjectReady/<@chrome://remote/content/marionette/transport.sys.mjs:494:20\n","nativeSavedFrame":{}},"formattedStack":"maybeSync@resource://services-settings/RemoteSettingsClient.sys.mjs:815:35\nobserve@resource://gre/modules/AsyncShutdown.sys.mjs:587:17\nquit@chrome://remote/content/shared/Browser.sys.mjs:102:22\nGeckoDriver.prototype.quit@chrome://remote/content/marionette/driver.sys.mjs:3463:42\ndispatch@chrome://remote/content/marionette/server.sys.mjs:318:40\nexecute@chrome://remote/content/marionette/server.sys.mjs:289:16\nonPacket/<@chrome://remote/content/marionette/server.sys.mjs:262:20\nonPacket@chrome://remote/content/marionette/server.sys.mjs:263:9\n_onJSONObjectReady/<@chrome://remote/content/marionette/transport.sys.mjs:494:20\n","nativeSavedFrame":{}},"formattedStack":"_importChanges@resource://services-settings/RemoteSettingsClient.sys.mjs:1190:18\nmaybeSync@resource://services-settings/RemoteSettingsClient.sys.mjs:815:35\nobserve@resource://gre/modules/AsyncShutdown.sys.mjs:587:17\nquit@chrome://remote/content/shared/Browser.sys.mjs:102:22\nGeckoDriver.prototype.quit@chrome://remote/content/marionette/driver.sys.mjs:3463:42\ndispatch@chrome://remote/content/marionette/server.sys.mjs:318:40\nexecute@chrome://remote/content/marionette/server.sys.mjs:289:16\nonPacket/<@chrome://remote/content/marionette/server.sys.mjs:262:20\nonPacket@chrome://remote/content/marionette/server.sys.mjs:263:9\n_onJSONObjectReady/<@chrome://remote/content/marionette/transport.sys.mjs:494:20\n","nativeSavedFrame":{}},"formattedStack":"_fetchChangeset@resource://services-settings/RemoteSettingsClient.sys.mjs:1333:22\n_importChanges@resource://services-settings/RemoteSettingsClient.sys.mjs:1190:18\nmaybeSync@resource://services-settings/RemoteSettingsClient.sys.mjs:815:35\nobserve@resource://gre/modules/AsyncShutdown.sys.mjs:587:17\nquit@chrome://remote/content/shared/Browser.sys.mjs:102:22\nGeckoDriver.prototype.quit@chrome://remote/content/marionette/driver.sys.mjs:3463:42\ndispatch@chrome://remote/content/marionette/server.sys.mjs:318:40\nexecute@chrome://remote/content/marionette/server.sys.mjs:289:16\nonPacket/<@chrome://remote/content/marionette/server.sys.mjs:262:20\nonPacket@chrome://remote/content/marionette/server.sys.mjs:263:9\n_onJSONObjectReady/<@chrome://remote/content/marionette/transport.sys.mjs:494:20\n","nativeSavedFrame":{}},"formattedStack":"execute@resource://services-common/kinto-http-client.sys.mjs:2613:36\n_fetchChangeset@resource://services-settings/RemoteSettingsClient.sys.mjs:1333:22\n_importChanges@resource://services-settings/RemoteSettingsClient.sys.mjs:1190:18\nmaybeSync@resource://services-settings/RemoteSettingsClient.sys.mjs:815:35\nobserve@resource://gre/modules/AsyncShutdown.sys.mjs:587:17\nquit@chrome://remote/content/shared/Browser.sys.mjs:102:22\nGeckoDriver.prototype.quit@chrome://remote/content/marionette/driver.sys.mjs:3463:42\ndispatch@chrome://remote/content/marionette/server.sys.mjs:318:40\nexecute@chrome://remote/content/marionette/server.sys.mjs:289:16\nonPacket/<@chrome://remote/content/marionette/server.sys.mjs:262:20\nonPacket@chrome://remote/content/marionette/server.sys.mjs:263:9\n_onJSONObjectReady/<@chrome://remote/content/marionette/transport.sys.mjs:494:20\n","nativeSavedFrame":{}},"formattedStack":"request@resource://services-common/kinto-http-client.sys.mjs:645:33\nexecute@resource://services-common/kinto-http-client.sys.mjs:2613:36\n_fetchChangeset@resource://services-settings/RemoteSettingsClient.sys.mjs:1333:22\n_importChanges@resource://services-settings/RemoteSettingsClient.sys.mjs:1190:18\nmaybeSync@resource://services-settings/RemoteSettingsClient.sys.mjs:815:35\nobserve@resource://gre/modules/AsyncShutdown.sys.mjs:587:17\nquit@chrome://remote/content/shared/Browser.sys.mjs:102:22\nGeckoDriver.prototype.quit@chrome://remote/content/marionette/driver.sys.mjs:3463:42\ndispatch@chrome://remote/content/marionette/server.sys.mjs:318:40\nexecute@chrome://remote/content/marionette/server.sys.mjs:289:16\nonPacket/<@chrome://remote/content/marionette/server.sys.mjs:262:20\nonPacket@chrome://remote/content/marionette/server.sys.mjs:263:9\n_onJSONObjectReady/<@chrome://remote/content/marionette/transport.sys.mjs:494:20\n","nativeSavedFrame":{}},"formattedStack":"timedFetch@resource://services-common/kinto-http-client.sys.mjs:555:12\nrequest@resource://services-common/kinto-http-client.sys.mjs:645:33\nexecute@resource://services-common/kinto-http-client.sys.mjs:2613:36\n_fetchChangeset@resource://services-settings/RemoteSettingsClient.sys.mjs:1333:22\n_importChanges@resource://services-settings/RemoteSettingsClient.sys.mjs:1190:18\nmaybeSync@resource://services-settings/RemoteSettingsClient.sys.mjs:815:35\nobserve@resource://gre/modules/AsyncShutdown.sys.mjs:587:17\nquit@chrome://remote/content/shared/Browser.sys.mjs:102:22\nGeckoDriver.prototype.quit@chrome://remote/content/marionette/driver.sys.mjs:3463:42\ndispatch@chrome://remote/content/marionette/server.sys.mjs:318:40\nexecute@chrome://remote/content/marionette/server.sys.mjs:289:16\nonPacket/<@chrome://remote/content/marionette/server.sys.mjs:262:20\nonPacket@chrome://remote/content/marionette/server.sys.mjs:263:9\n_onJSONObjectReady/<@chrome://remote/content/marionette/transport.sys.mjs:494:20\n","nativeSavedFrame":{}},"formattedStack":"timedFetch/<@resource://services-common/kinto-http-client.sys.mjs:580:12\ntimedFetch@resource://services-common/kinto-http-client.sys.mjs:555:12\nrequest@resource://services-common/kinto-http-client.sys.mjs:645:33\nexecute@resource://services-common/kinto-http-client.sys.mjs:2613:36\n_fetchChangeset@resource://services-settings/RemoteSettingsClient.sys.mjs:1333:22\n_importChanges@resource://services-settings/RemoteSettingsClient.sys.mjs:1190:18\nmaybeSync@resource://services-settings/RemoteSettingsClient.sys.mjs:815:35\nobserve@resource://gre/modules/AsyncShutdown.sys.mjs:587:17\nquit@chrome://remote/content/shared/Browser.sys.mjs:102:22\nGeckoDriver.prototype.quit@chrome://remote/content/marionette/driver.sys.mjs:3463:42\ndispatch@chrome://remote/content/marionette/server.sys.mjs:318:40\nexecute@chrome://remote/content/marionette/server.sys.mjs:289:16\nonPacket/<@chrome://remote/content/marionette/server.sys.mjs:262:20\nonPacket@chrome://remote/content/marionette/server.sys.mjs:263:9\n_onJSONObjectReady/<@chrome://remote/content/marionette/transport.sys.mjs:494:20\n","nativeSavedFrame":{}},"formattedStack":"fetch@resource://services-settings/Utils.sys.mjs:235:12\ntimedFetch/<@resource://services-common/kinto-http-client.sys.mjs:580:12\ntimedFetch@resource://services-common/kinto-http-client.sys.mjs:555:12\nrequest@resource://services-common/kinto-http-client.sys.mjs:645:33\nexecute@resource://services-common/kinto-http-client.sys.mjs:2613:36\n_fetchChangeset@resource://services-settings/RemoteSettingsClient.sys.mjs:1333:22\n_importChanges@resource://services-settings/RemoteSettingsClient.sys.mjs:1190:18\nmaybeSync@resource://services-settings/RemoteSettingsClient.sys.mjs:815:35\nobserve@resource://gre/modules/AsyncShutdown.sys.mjs:587:17\nquit@chrome://remote/content/shared/Browser.sys.mjs:102:22\nGeckoDriver.prototype.quit@chrome://remote/content/marionette/driver.sys.mjs:3463:42\ndispatch@chrome://remote/content/marionette/server.sys.mjs:318:40\nexecute@chrome://remote/content/marionette/server.sys.mjs:289:16\nonPacket/<@chrome://remote/content/marionette/server.sys.mjs:262:20\nonPacket@chrome://remote/content/marionette/server.sys.mjs:263:9\n_onJSONObjectReady/<@chrome://remote/content/marionette/transport.sys.mjs:494:20\n","nativeSavedFrame":{}},"formattedStack":"fetch/<@resource://services-settings/Utils.sys.mjs:284:15\nfetch@resource://services-settings/Utils.sys.mjs:235:12\ntimedFetch/<@resource://services-common/kinto-http-client.sys.mjs:580:12\ntimedFetch@resource://services-common/kinto-http-client.sys.mjs:555:12\nrequest@resource://services-common/kinto-http-client.sys.mjs:645:33\nexecute@resource://services-common/kinto-http-client.sys.mjs:2613:36\n_fetchChangeset@resource://services-settings/RemoteSettingsClient.sys.mjs:1333:22\n_importChanges@resource://services-settings/RemoteSettingsClient.sys.mjs:1190:18\nmaybeSync@resource://services-settings/RemoteSettingsClient.sys.mjs:815:35\nobserve@resource://gre/modules/AsyncShutdown.sys.mjs:587:17\nquit@chrome://remote/content/shared/Browser.sys.mjs:102:22\nGeckoDriver.prototype.quit@chrome://remote/content/marionette/driver.sys.mjs:3463:42\ndispatch@chrome://remote/content/marionette/server.sys.mjs:318:40\nexecute@chrome://remote/content/marionette/server.sys.mjs:289:16\nonPacket/<@chrome://remote/content/marionette/server.sys.mjs:262:20\nonPacket@chrome://remote/content/marionette/server.sys.mjs:263:9\n_onJSONObjectReady/<@chrome://remote/content/marionette/transport.sys.mjs:494:20\n","nativeSavedFrame":{}},"formattedStack":"open@resource://gre/modules/ServiceRequest.sys.mjs:126:11\nfetch/<@resource://services-settings/Utils.sys.mjs:284:15\nfetch@resource://services-settings/Utils.sys.mjs:235:12\ntimedFetch/<@resource://services-common/kinto-http-client.sys.mjs:580:12\ntimedFetch@resource://services-common/kinto-http-client.sys.mjs:555:12\nrequest@resource://services-common/kinto-http-client.sys.mjs:645:33\nexecute@resource://services-common/kinto-http-client.sys.mjs:2613:36\n_fetchChangeset@resource://services-settings/RemoteSettingsClient.sys.mjs:1333:22\n_importChanges@resource://services-settings/RemoteSettingsClient.sys.mjs:1190:18\nmaybeSync@resource://services-settings/RemoteSettingsClient.sys.mjs:815:35\nobserve@resource://gre/modules/AsyncShutdown.sys.mjs:587:17\nquit@chrome://remote/content/shared/Browser.sys.mjs:102:22\nGeckoDriver.prototype.quit@chrome://remote/content/marionette/driver.sys.mjs:3463:42\ndispatch@chrome://remote/content/marionette/server.sys.mjs:318:40\nexecute@chrome://remote/content/marionette/server.sys.mjs:289:16\nonPacket/<@chrome://remote/content/marionette/server.sys.mjs:262:20\nonPacket@chrome://remote/content/marionette/server.sys.mjs:263:9\n_onJSONObjectReady/<@chrome://remote/content/marionette/transport.sys.mjs:494:20\n","nativeSavedFrame":{}}
    - message = 
    - name = 
    - result = 2152071198
    - stack = open@resource://gre/modules/ServiceRequest.sys.mjs:126:11|fetch/<@resource://services-settings/Utils.sys.mjs:284:15|fetch@resource://services-settings/Utils.sys.mjs:235:12|timedFetch/<@resource://services-common/kinto-http-client.sys.mjs:580:12|timedFetch@resource://services-common/kinto-http-client.sys.mjs:555:12|request@resource://services-common/kinto-http-client.sys.mjs:645:33|execute@resource://services-common/kinto-http-client.sys.mjs:2613:36|_fetchChangeset@resource://services-settings/RemoteSettingsClient.sys.mjs:1333:22|_importChanges@resource://services-settings/RemoteSettingsClient.sys.mjs:1190:18|maybeSync@resource://services-settings/RemoteSettingsClient.sys.mjs:815:35|observe@resource://gre/modules/AsyncShutdown.sys.mjs:587:17|quit@chrome://remote/content/shared/Browser.sys.mjs:102:22|GeckoDriver.prototype.quit@chrome://remote/content/marionette/driver.sys.mjs:3463:42|dispatch@chrome://remote/content/marionette/server.sys.mjs:318:40|execute@chrome://remote/content/marionette/server.sys.mjs:289:16|onPacket/<@chrome://remote/content/marionette/server.sys.mjs:262:20|onPacket@chrome://remote/content/marionette/server.sys.mjs:263:9|_onJSONObjectReady/<@chrome://remote/content/marionette/transport.sys.mjs:494:20|
  - prototype Object
console.warn: services.settings: security-state/intermediates sync interrupted by shutdown
console.warn: services.settings: main/message-groups sync interrupted by shutdown
console.warn: services.settings: main/vpn-serverlist sync interrupted by shutdown
console.warn: services.settings: main/fingerprinting-protection-overrides sync interrupted by shutdown
console.warn: services.settings: main/search-telemetry-v2 sync interrupted by shutdown
console.warn: services.settings: main/devtools-compatibility-browsers sync interrupted by shutdown
console.warn: services.settings: main/urlbar-persisted-search-terms sync interrupted by shutdown
console.warn: services.settings: main/url-classifier-exceptions sync interrupted by shutdown
console.warn: services.settings: main/tracking-protection-lists sync interrupted by shutdown
console.warn: services.settings: main/addons-data-leak-blocker-domains sync interrupted by shutdown
console.warn: services.settings: main/devtools-devices sync interrupted by shutdown
console.error: "Experiment visual-card-updates has unknown featureId: newtabRefinedCardsLayout"
console.warn: services.settings: main/search-config-icons sync interrupted by shutdown
console.warn: services.settings: main/search-config-v2 sync interrupted by shutdown
console.warn: services.settings: main/remote-permissions sync interrupted by shutdown
console.warn: services.settings: main/doh-providers sync interrupted by shutdown
console.warn: services.settings: main/newtab-frecency-boosted-sponsors sync interrupted by shutdown
console.warn: services.settings: main/newtab-wallpapers-v2 sync interrupted by shutdown
console.warn: services.settings: main/websites-with-shared-credential-backends sync interrupted by shutdown
console.warn: services.settings: main/password-rules sync interrupted by shutdown
console.warn: services.settings: main/top-sites sync interrupted by shutdown
console.warn: services.settings: main/translations-models sync interrupted by shutdown
console.warn: services.settings: main/webcompat-interventions sync interrupted by shutdown
console.warn: services.settings: main/moz-essential-domain-fallbacks sync interrupted by shutdown
console.warn: services.settings: main/mfcdm-origins-list sync interrupted by shutdown
console.warn: services.settings: main/doh-config sync interrupted by shutdown
console.warn: services.settings: main/translations-wasm sync interrupted by shutdown
console.warn: services.settings: main/partitioning-exempt-urls sync interrupted by shutdown
console.warn: services.settings: main/cfr sync interrupted by shutdown
console.warn: services.settings: main/search-default-override-allowlist sync interrupted by shutdown
console.warn: services.settings: main/url-parser-default-unknown-schemes-interventions sync interrupted by shutdown
console.warn: services.settings: main/url-classifier-skip-urls sync interrupted by shutdown
console.warn: services.settings: main/normandy-recipes-capabilities sync interrupted by shutdown
console.warn: services.settings: main/search-categorization sync interrupted by shutdown
console.error: (new Error("Unable to arm timer, the object has been finalized.", "resource://gre/modules/DeferredTask.sys.mjs", 231))
console.warn: services.settings: main/third-party-cookie-blocking-exempt-urls sync interrupted by shutdown
console.warn: services.settings: main/cookie-banner-rules-list sync interrupted by shutdown
console.warn: services.settings: main/search-config-overrides-v2 sync interrupted by shutdown
console.warn: services.settings: main/query-stripping sync interrupted by shutdown
console.warn: services.settings: main/addons-manager-settings sync interrupted by shutdown
console.warn: services.settings: main/password-recipes sync interrupted by shutdown
console.error: Translations: "Failed to run language detection." (new AbortError("Actor 'Translations' destroyed before query 'Translations:GetDocumentElementLang' was resolved", (void 0), 587))
console.warn: services.settings: main/language-dictionaries sync interrupted by shutdown
console.error: (new AbortError("IndexedDB: main/pioneer-study-addons-v2 getLastModified() IndexedDB:  execute() A request was aborted, for example through a call to IDBTransaction.abort.", "resource://services-settings/IDBHelpers.sys.mjs", 16))
